  [4;36;1mSQL (0.4ms)[0m   [0;1m SELECT name
 FROM sqlite_master
 WHERE type = 'table' AND NOT name = 'sqlite_sequence'
[0m
  [4;35;1mSQL (0.2ms)[0m   [0mselect sqlite_version(*)[0m
  [4;36;1mSQL (84.2ms)[0m   [0;1mCREATE TABLE "schema_migrations" ("version" varchar(255) NOT NULL) [0m
  [4;35;1mSQL (0.1ms)[0m   [0mPRAGMA index_list("schema_migrations")[0m
  [4;36;1mSQL (49.2ms)[0m   [0;1mCREATE UNIQUE INDEX "unique_schema_migrations" ON "schema_migrations" ("version")[0m
  [4;35;1mSQL (0.3ms)[0m   [0m SELECT name
 FROM sqlite_master
 WHERE type = 'table' AND NOT name = 'sqlite_sequence'
[0m
  [4;36;1mSQL (0.2ms)[0m   [0;1mSELECT version FROM schema_migrations[0m
Migrating to CreatePlayers (20100621175409)
  [4;35;1mSQL (1.6ms)[0m   [0mCREATE TABLE "players" ("id" INTEGER PRIMARY KEY AUTOINCREMENT NOT NULL, "name" varchar(255), "team" varchar(255), "AVG" float, "HR" integer, "RBI" integer, "RUNS" integer, "SB" integer, "OPS" float, "created_at" datetime, "updated_at" datetime) [0m
  [4;36;1mSQL (0.4ms)[0m   [0;1mINSERT INTO schema_migrations (version) VALUES ('20100621175409')[0m
  [4;35;1mSQL (0.7ms)[0m   [0m SELECT name
 FROM sqlite_master
 WHERE type = 'table' AND NOT name = 'sqlite_sequence'
[0m
  [4;36;1mSQL (0.4ms)[0m   [0;1mSELECT version FROM schema_migrations[0m
  [4;35;1mSQL (0.5ms)[0m   [0m SELECT name
 FROM sqlite_master
 WHERE type = 'table' AND NOT name = 'sqlite_sequence'
[0m
  [4;36;1mSQL (0.2ms)[0m   [0;1mPRAGMA index_list("players")[0m


Processing PlayersController#index (for 127.0.0.1 at 2010-06-21 13:55:30) [GET]
  [4;36;1mPlayer Load (0.7ms)[0m   [0;1mSELECT * FROM "players" [0m
Rendering template within layouts/players
Rendering players/index
Completed in 35ms (View: 27, DB: 1) | 200 OK [http://localhost/players]


Processing PlayersController#new (for 127.0.0.1 at 2010-06-21 13:55:42) [GET]
Rendering template within layouts/players
Rendering players/new
Completed in 69ms (View: 50, DB: 0) | 200 OK [http://localhost/players/new]


Processing PlayersController#index (for 127.0.0.1 at 2010-06-21 14:03:43) [GET]
  [4;35;1mPlayer Load (0.9ms)[0m   [0mSELECT * FROM "players" [0m
Rendering template within layouts/players
Rendering players/index
Completed in 35ms (View: 19, DB: 1) | 200 OK [http://localhost/players]


Processing PlayersController#index (for 127.0.0.1 at 2010-06-21 14:07:56) [GET]
  [4;36;1mPlayer Load (0.9ms)[0m   [0;1mSELECT * FROM "players" [0m
Rendering template within layouts/players
Rendering players/index

ActionView::TemplateError (undefined local variable or method `get_name' for #<ActionView::Base:0xb6f31cd4>) on line #5 of app/views/players/index.html.erb:
2: 
3: <table>
4:   <tr>
5:     <th><%= link_to 'Name', get_name %></th>
6:     <th><%= link_to 'Team', get_team %></th>
7:     <th><%= link_to 'AVG', get_avg %></th>
8:     <th><%= link_to 'HR', get_hr %></th>

    app/views/players/index.html.erb:5
    app/controllers/players_controller.rb:7:in `index'
    /usr/lib/ruby/1.8/webrick/httpserver.rb:104:in `service'
    /usr/lib/ruby/1.8/webrick/httpserver.rb:65:in `run'
    /usr/lib/ruby/1.8/webrick/server.rb:173:in `start_thread'
    /usr/lib/ruby/1.8/webrick/server.rb:162:in `start'
    /usr/lib/ruby/1.8/webrick/server.rb:162:in `start_thread'
    /usr/lib/ruby/1.8/webrick/server.rb:95:in `start'
    /usr/lib/ruby/1.8/webrick/server.rb:92:in `each'
    /usr/lib/ruby/1.8/webrick/server.rb:92:in `start'
    /usr/lib/ruby/1.8/webrick/server.rb:23:in `start'
    /usr/lib/ruby/1.8/webrick/server.rb:82:in `start'

Rendered rescues/_trace (64.7ms)
Rendered rescues/_request_and_response (2.3ms)
Rendering rescues/layout (internal_server_error)


Processing PlayersController#index (for 127.0.0.1 at 2010-06-21 14:11:21) [GET]
  [4;35;1mPlayer Load (0.9ms)[0m   [0mSELECT * FROM "players" [0m
Rendering template within layouts/players
Rendering players/index

ActionView::TemplateError (undefined local variable or method `get_name' for #<ActionView::Base:0xb703c160>) on line #5 of app/views/players/index.html.erb:
2: 
3: <table>
4:   <tr>
5:     <th><%= link_to 'Name', get_name %></th>
6:     <th><%= link_to 'Team', get_team %></th>
7:     <th><%= link_to 'AVG', get_avg %></th>
8:     <th><%= link_to 'HR', get_hr %></th>

    app/views/players/index.html.erb:5
    app/controllers/players_controller.rb:7:in `index'
    /usr/lib/ruby/1.8/webrick/httpserver.rb:104:in `service'
    /usr/lib/ruby/1.8/webrick/httpserver.rb:65:in `run'
    /usr/lib/ruby/1.8/webrick/server.rb:173:in `start_thread'
    /usr/lib/ruby/1.8/webrick/server.rb:162:in `start'
    /usr/lib/ruby/1.8/webrick/server.rb:162:in `start_thread'
    /usr/lib/ruby/1.8/webrick/server.rb:95:in `start'
    /usr/lib/ruby/1.8/webrick/server.rb:92:in `each'
    /usr/lib/ruby/1.8/webrick/server.rb:92:in `start'
    /usr/lib/ruby/1.8/webrick/server.rb:23:in `start'
    /usr/lib/ruby/1.8/webrick/server.rb:82:in `start'

Rendered rescues/_trace (79.4ms)
Rendered rescues/_request_and_response (0.4ms)
Rendering rescues/layout (internal_server_error)


Processing PlayersController#index (for 127.0.0.1 at 2010-06-21 14:13:04) [GET]
  [4;36;1mPlayer Load (0.9ms)[0m   [0;1mSELECT * FROM "players" [0m
Rendering template within layouts/players
Rendering players/index
Completed in 40ms (View: 23, DB: 1) | 200 OK [http://localhost/players]


Processing PlayersController#index (for 127.0.0.1 at 2010-06-21 14:13:09) [GET]
  Parameters: {"method"=>"get_name"}
  [4;35;1mPlayer Load (0.9ms)[0m   [0mSELECT * FROM "players" [0m
Rendering template within layouts/players
Rendering players/index
Completed in 25ms (View: 9, DB: 1) | 200 OK [http://localhost/players?method=get_name]


Processing PlayersController#index (for 127.0.0.1 at 2010-06-21 14:13:11) [GET]
  Parameters: {"method"=>"get_team"}
  [4;36;1mPlayer Load (1.0ms)[0m   [0;1mSELECT * FROM "players" [0m
Rendering template within layouts/players
Rendering players/index
Completed in 26ms (View: 9, DB: 1) | 200 OK [http://localhost/players?method=get_team]


Processing PlayersController#index (for 127.0.0.1 at 2010-06-21 14:13:11) [GET]
  Parameters: {"method"=>"get_avg"}
  [4;35;1mPlayer Load (1.1ms)[0m   [0mSELECT * FROM "players" [0m
Rendering template within layouts/players
Rendering players/index
Completed in 25ms (View: 9, DB: 1) | 200 OK [http://localhost/players?method=get_avg]


Processing PlayersController#index (for 127.0.0.1 at 2010-06-21 14:13:12) [GET]
  Parameters: {"method"=>"get_hr"}
  [4;36;1mPlayer Load (0.5ms)[0m   [0;1mSELECT * FROM "players" [0m
Rendering template within layouts/players
Rendering players/index
Completed in 13ms (View: 4, DB: 0) | 200 OK [http://localhost/players?method=get_hr]


Processing PlayersController#index (for 127.0.0.1 at 2010-06-21 14:13:13) [GET]
  Parameters: {"method"=>"get_rbi"}
  [4;35;1mPlayer Load (0.9ms)[0m   [0mSELECT * FROM "players" [0m
Rendering template within layouts/players
Rendering players/index
Completed in 25ms (View: 9, DB: 1) | 200 OK [http://localhost/players?method=get_rbi]


Processing PlayersController#index (for 127.0.0.1 at 2010-06-21 14:13:14) [GET]
  Parameters: {"method"=>"get_runs"}
  [4;36;1mPlayer Load (0.9ms)[0m   [0;1mSELECT * FROM "players" [0m
Rendering template within layouts/players
Rendering players/index
Completed in 25ms (View: 9, DB: 1) | 200 OK [http://localhost/players?method=get_runs]


Processing PlayersController#index (for 127.0.0.1 at 2010-06-21 14:13:15) [GET]
  Parameters: {"method"=>"get_sb"}
  [4;35;1mPlayer Load (0.9ms)[0m   [0mSELECT * FROM "players" [0m
Rendering template within layouts/players
Rendering players/index
Completed in 26ms (View: 9, DB: 1) | 200 OK [http://localhost/players?method=get_sb]


Processing PlayersController#index (for 127.0.0.1 at 2010-06-21 14:13:16) [GET]
  Parameters: {"method"=>"get_ops"}
  [4;36;1mPlayer Load (0.9ms)[0m   [0;1mSELECT * FROM "players" [0m
Rendering template within layouts/players
Rendering players/index
Completed in 25ms (View: 9, DB: 1) | 200 OK [http://localhost/players?method=get_ops]


Processing PlayersController#index (for 127.0.0.1 at 2010-06-21 14:15:04) [GET]
  Parameters: {"method"=>"get_ops"}
  [4;35;1mPlayer Load (0.9ms)[0m   [0mSELECT * FROM "players" [0m
Rendering template within layouts/players
Rendering players/index
Completed in 40ms (View: 23, DB: 1) | 200 OK [http://localhost/players?method=get_ops]
  [4;36;1mSQL (0.7ms)[0m   [0;1m SELECT name
 FROM sqlite_master
 WHERE type = 'table' AND NOT name = 'sqlite_sequence'
[0m
  [4;35;1mSQL (0.3ms)[0m   [0mSELECT version FROM schema_migrations[0m
Migrating to CreatePlayers (20100621175409)
Migrating to AddTestData (20100621182519)
  [4;36;1mSQL (0.2ms)[0m   [0;1mselect sqlite_version(*)[0m
  [4;36;1mSQL (0.7ms)[0m   [0;1m SELECT name
 FROM sqlite_master
 WHERE type = 'table' AND NOT name = 'sqlite_sequence'
[0m
  [4;35;1mSQL (0.3ms)[0m   [0mSELECT version FROM schema_migrations[0m
Migrating to CreatePlayers (20100621175409)
Migrating to AddTestData (20100621182519)
  [4;36;1mSQL (0.2ms)[0m   [0;1mselect sqlite_version(*)[0m
  [4;36;1mSQL (0.7ms)[0m   [0;1m SELECT name
 FROM sqlite_master
 WHERE type = 'table' AND NOT name = 'sqlite_sequence'
[0m
  [4;35;1mSQL (0.3ms)[0m   [0mSELECT version FROM schema_migrations[0m
Migrating to CreatePlayers (20100621175409)
Migrating to AddTestData (20100621182519)
  [4;36;1mSQL (0.2ms)[0m   [0;1mselect sqlite_version(*)[0m
  [4;35;1mPlayer Delete all (0.8ms)[0m   [0mDELETE FROM "players" WHERE 1=1[0m
  [4;36;1mPlayer Create (0.3ms)[0m   [0;1mINSERT INTO "players" ("name", "updated_at", "RBI", "SB", "team", "AVG", "OPS", "RUNS", "HR", "created_at") VALUES('Joe Smith', '2010-06-21 18:39:11', 44, 2, 'Boston Red Sox', 0.3, 0.9, 33, 22, '2010-06-21 18:39:11')[0m
  [4;35;1mPlayer Create (0.2ms)[0m   [0mINSERT INTO "players" ("name", "updated_at", "RBI", "SB", "team", "AVG", "OPS", "RUNS", "HR", "created_at") VALUES('Joe Smith', '2010-06-21 18:39:11', 44, 2, 'Boston Red Sox', 0.3, 0.9, 33, 22, '2010-06-21 18:39:11')[0m
  [4;36;1mPlayer Create (0.2ms)[0m   [0;1mINSERT INTO "players" ("name", "updated_at", "RBI", "SB", "team", "AVG", "OPS", "RUNS", "HR", "created_at") VALUES('Joe Smith', '2010-06-21 18:39:11', 44, 2, 'Boston Red Sox', 0.3, 0.9, 33, 22, '2010-06-21 18:39:11')[0m
  [4;35;1mPlayer Create (0.2ms)[0m   [0mINSERT INTO "players" ("name", "updated_at", "RBI", "SB", "team", "AVG", "OPS", "RUNS", "HR", "created_at") VALUES('Joe Smith', '2010-06-21 18:39:11', 44, 2, 'Boston Red Sox', 0.3, 0.9, 33, 22, '2010-06-21 18:39:11')[0m
  [4;36;1mPlayer Create (0.2ms)[0m   [0;1mINSERT INTO "players" ("name", "updated_at", "RBI", "SB", "team", "AVG", "OPS", "RUNS", "HR", "created_at") VALUES('Joe Smith', '2010-06-21 18:39:11', 44, 2, 'Boston Red Sox', 0.3, 0.9, 33, 22, '2010-06-21 18:39:11')[0m
  [4;35;1mPlayer Create (0.2ms)[0m   [0mINSERT INTO "players" ("name", "updated_at", "RBI", "SB", "team", "AVG", "OPS", "RUNS", "HR", "created_at") VALUES('Joe Smith', '2010-06-21 18:39:11', 44, 2, 'Boston Red Sox', 0.3, 0.9, 33, 22, '2010-06-21 18:39:11')[0m
  [4;36;1mPlayer Create (0.2ms)[0m   [0;1mINSERT INTO "players" ("name", "updated_at", "RBI", "SB", "team", "AVG", "OPS", "RUNS", "HR", "created_at") VALUES('Joe Smith', '2010-06-21 18:39:11', 44, 2, 'Boston Red Sox', 0.3, 0.9, 33, 22, '2010-06-21 18:39:11')[0m
  [4;35;1mPlayer Create (0.2ms)[0m   [0mINSERT INTO "players" ("name", "updated_at", "RBI", "SB", "team", "AVG", "OPS", "RUNS", "HR", "created_at") VALUES('Joe Smith', '2010-06-21 18:39:11', 44, 2, 'Boston Red Sox', 0.3, 0.9, 33, 22, '2010-06-21 18:39:11')[0m
  [4;36;1mPlayer Create (0.2ms)[0m   [0;1mINSERT INTO "players" ("name", "updated_at", "RBI", "SB", "team", "AVG", "OPS", "RUNS", "HR", "created_at") VALUES('Joe Smith', '2010-06-21 18:39:11', 44, 2, 'Boston Red Sox', 0.3, 0.9, 33, 22, '2010-06-21 18:39:11')[0m
  [4;35;1mPlayer Create (0.2ms)[0m   [0mINSERT INTO "players" ("name", "updated_at", "RBI", "SB", "team", "AVG", "OPS", "RUNS", "HR", "created_at") VALUES('Joe Smith', '2010-06-21 18:39:11', 44, 2, 'Boston Red Sox', 0.3, 0.9, 33, 22, '2010-06-21 18:39:11')[0m
  [4;36;1mPlayer Create (0.2ms)[0m   [0;1mINSERT INTO "players" ("name", "updated_at", "RBI", "SB", "team", "AVG", "OPS", "RUNS", "HR", "created_at") VALUES('Joe Smith', '2010-06-21 18:39:11', 44, 2, 'Boston Red Sox', 0.3, 0.9, 33, 22, '2010-06-21 18:39:11')[0m
  [4;35;1mPlayer Create (0.2ms)[0m   [0mINSERT INTO "players" ("name", "updated_at", "RBI", "SB", "team", "AVG", "OPS", "RUNS", "HR", "created_at") VALUES('Joe Smith', '2010-06-21 18:39:11', 44, 2, 'Boston Red Sox', 0.3, 0.9, 33, 22, '2010-06-21 18:39:11')[0m
  [4;36;1mPlayer Create (0.2ms)[0m   [0;1mINSERT INTO "players" ("name", "updated_at", "RBI", "SB", "team", "AVG", "OPS", "RUNS", "HR", "created_at") VALUES('Joe Smith', '2010-06-21 18:39:11', 44, 2, 'Boston Red Sox', 0.3, 0.9, 33, 22, '2010-06-21 18:39:11')[0m
  [4;35;1mPlayer Create (0.2ms)[0m   [0mINSERT INTO "players" ("name", "updated_at", "RBI", "SB", "team", "AVG", "OPS", "RUNS", "HR", "created_at") VALUES('Joe Smith', '2010-06-21 18:39:11', 44, 2, 'Boston Red Sox', 0.3, 0.9, 33, 22, '2010-06-21 18:39:11')[0m
  [4;36;1mPlayer Create (0.2ms)[0m   [0;1mINSERT INTO "players" ("name", "updated_at", "RBI", "SB", "team", "AVG", "OPS", "RUNS", "HR", "created_at") VALUES('Joe Smith', '2010-06-21 18:39:11', 44, 2, 'Boston Red Sox', 0.3, 0.9, 33, 22, '2010-06-21 18:39:11')[0m
  [4;35;1mPlayer Create (0.2ms)[0m   [0mINSERT INTO "players" ("name", "updated_at", "RBI", "SB", "team", "AVG", "OPS", "RUNS", "HR", "created_at") VALUES('Joe Smith', '2010-06-21 18:39:11', 44, 2, 'Boston Red Sox', 0.3, 0.9, 33, 22, '2010-06-21 18:39:11')[0m
  [4;36;1mPlayer Create (0.2ms)[0m   [0;1mINSERT INTO "players" ("name", "updated_at", "RBI", "SB", "team", "AVG", "OPS", "RUNS", "HR", "created_at") VALUES('Joe Smith', '2010-06-21 18:39:11', 44, 2, 'Boston Red Sox', 0.3, 0.9, 33, 22, '2010-06-21 18:39:11')[0m
  [4;35;1mPlayer Create (0.2ms)[0m   [0mINSERT INTO "players" ("name", "updated_at", "RBI", "SB", "team", "AVG", "OPS", "RUNS", "HR", "created_at") VALUES('Joe Smith', '2010-06-21 18:39:11', 44, 2, 'Boston Red Sox', 0.3, 0.9, 33, 22, '2010-06-21 18:39:11')[0m
  [4;36;1mPlayer Create (0.2ms)[0m   [0;1mINSERT INTO "players" ("name", "updated_at", "RBI", "SB", "team", "AVG", "OPS", "RUNS", "HR", "created_at") VALUES('Joe Smith', '2010-06-21 18:39:11', 44, 2, 'Boston Red Sox', 0.3, 0.9, 33, 22, '2010-06-21 18:39:11')[0m
  [4;35;1mPlayer Create (0.2ms)[0m   [0mINSERT INTO "players" ("name", "updated_at", "RBI", "SB", "team", "AVG", "OPS", "RUNS", "HR", "created_at") VALUES('Joe Smith', '2010-06-21 18:39:11', 44, 2, 'Boston Red Sox', 0.3, 0.9, 33, 22, '2010-06-21 18:39:11')[0m
  [4;36;1mPlayer Create (0.2ms)[0m   [0;1mINSERT INTO "players" ("name", "updated_at", "RBI", "SB", "team", "AVG", "OPS", "RUNS", "HR", "created_at") VALUES('Joe Smith', '2010-06-21 18:39:11', 44, 2, 'Boston Red Sox', 0.3, 0.9, 33, 22, '2010-06-21 18:39:11')[0m
  [4;35;1mPlayer Create (0.2ms)[0m   [0mINSERT INTO "players" ("name", "updated_at", "RBI", "SB", "team", "AVG", "OPS", "RUNS", "HR", "created_at") VALUES('Joe Smith', '2010-06-21 18:39:11', 44, 2, 'Boston Red Sox', 0.3, 0.9, 33, 22, '2010-06-21 18:39:11')[0m
  [4;36;1mPlayer Create (0.2ms)[0m   [0;1mINSERT INTO "players" ("name", "updated_at", "RBI", "SB", "team", "AVG", "OPS", "RUNS", "HR", "created_at") VALUES('Joe Smith', '2010-06-21 18:39:11', 44, 2, 'Boston Red Sox', 0.3, 0.9, 33, 22, '2010-06-21 18:39:11')[0m
  [4;35;1mPlayer Create (0.2ms)[0m   [0mINSERT INTO "players" ("name", "updated_at", "RBI", "SB", "team", "AVG", "OPS", "RUNS", "HR", "created_at") VALUES('Joe Smith', '2010-06-21 18:39:11', 44, 2, 'Boston Red Sox', 0.3, 0.9, 33, 22, '2010-06-21 18:39:11')[0m
  [4;36;1mPlayer Create (0.2ms)[0m   [0;1mINSERT INTO "players" ("name", "updated_at", "RBI", "SB", "team", "AVG", "OPS", "RUNS", "HR", "created_at") VALUES('Joe Smith', '2010-06-21 18:39:11', 44, 2, 'Boston Red Sox', 0.3, 0.9, 33, 22, '2010-06-21 18:39:11')[0m
  [4;35;1mSQL (0.3ms)[0m   [0mINSERT INTO schema_migrations (version) VALUES ('20100621182519')[0m
  [4;36;1mSQL (0.4ms)[0m   [0;1m SELECT name
 FROM sqlite_master
 WHERE type = 'table' AND NOT name = 'sqlite_sequence'
[0m
  [4;35;1mSQL (0.3ms)[0m   [0mSELECT version FROM schema_migrations[0m
  [4;36;1mSQL (0.3ms)[0m   [0;1m SELECT name
 FROM sqlite_master
 WHERE type = 'table' AND NOT name = 'sqlite_sequence'
[0m
  [4;35;1mSQL (0.1ms)[0m   [0mPRAGMA index_list("players")[0m


Processing PlayersController#index (for 127.0.0.1 at 2010-06-21 14:39:16) [GET]
  Parameters: {"method"=>"get_ops"}
  [4;36;1mPlayer Load (11.0ms)[0m   [0;1mSELECT * FROM "players" [0m
Rendering template within layouts/players
Rendering players/index
Completed in 205ms (View: 175, DB: 11) | 200 OK [http://localhost/players?method=get_ops]


Processing PlayersController#index (for 127.0.0.1 at 2010-06-21 14:40:18) [GET]
  Parameters: {"method"=>"get_ops"}
  [4;35;1mPlayer Load (11.0ms)[0m   [0mSELECT * FROM "players" [0m
Rendering template within layouts/players
Rendering players/index
Completed in 260ms (View: 229, DB: 11) | 200 OK [http://localhost/players?method=get_ops]


Processing PlayersController#index (for 127.0.0.1 at 2010-06-21 14:41:45) [GET]
  Parameters: {"method"=>"get_ops"}
  [4;36;1mPlayer Load (11.3ms)[0m   [0;1mSELECT * FROM "players" [0m
Rendering template within layouts/players
Rendering players/index
ERROR: compiling _run_erb_app47views47players47index46html46erb RAISED compile error
/home/Public/baseball/app/views/players/index.html.erb:17: syntax error, unexpected ')'
...@output_buffer.concat((h 1++ ).to_s); @output_buffer.concat ...
                              ^
Function body:           def _run_erb_app47views47players47index46html46erb(local_assigns)
            old_output_buffer = output_buffer;;@output_buffer = '';  __in_erb_template=true ; @output_buffer.concat "<h1>Listing players</h1>\n"
@output_buffer.concat "\n"
@output_buffer.concat "<table>\n"
@output_buffer.concat "  <tr>\n"
@output_buffer.concat "    <th>"; @output_buffer.concat(( link_to 'Name', :method => :sort_name ).to_s); @output_buffer.concat "</th>\n"
@output_buffer.concat "    <th>"; @output_buffer.concat(( link_to 'Team', :method => :sort_team ).to_s); @output_buffer.concat "</th>\n"
@output_buffer.concat "    <th>"; @output_buffer.concat(( link_to 'AVG', :method => :sort_avg ).to_s); @output_buffer.concat "</th>\n"
@output_buffer.concat "    <th>"; @output_buffer.concat(( link_to 'HR', :method => :sort_hr ).to_s); @output_buffer.concat "</th>\n"
@output_buffer.concat "    <th>"; @output_buffer.concat(( link_to 'RBI', :method => :sort_rbi ).to_s); @output_buffer.concat "</th>\n"
@output_buffer.concat "    <th>"; @output_buffer.concat(( link_to 'Runs', :method => :sort_runs ).to_s); @output_buffer.concat "</th>\n"
@output_buffer.concat "    <th>"; @output_buffer.concat(( link_to 'SB', :method => :sort_sb ).to_s); @output_buffer.concat "</th>\n"
@output_buffer.concat "    <th>"; @output_buffer.concat(( link_to 'OPS', :method => :sort_ops ).to_s); @output_buffer.concat "</th>\n"
@output_buffer.concat "  </tr>\n"
@output_buffer.concat "\n"
 @players.each do |player| ; @output_buffer.concat "\n"
@output_buffer.concat "  <tr>\n"
@output_buffer.concat "    <td>"; @output_buffer.concat((h 1++ ).to_s); @output_buffer.concat "</td>\n"
@output_buffer.concat "    <td>"; @output_buffer.concat((h player.name ).to_s); @output_buffer.concat "</td>\n"
@output_buffer.concat "    <td>"; @output_buffer.concat((h player.team ).to_s); @output_buffer.concat "</td>\n"
@output_buffer.concat "    <td>"; @output_buffer.concat((h player.AVG ).to_s); @output_buffer.concat "</td>\n"
@output_buffer.concat "    <td>"; @output_buffer.concat((h player.HR ).to_s); @output_buffer.concat "</td>\n"
@output_buffer.concat "    <td>"; @output_buffer.concat((h player.RBI ).to_s); @output_buffer.concat "</td>\n"
@output_buffer.concat "    <td>"; @output_buffer.concat((h player.RUNS ).to_s); @output_buffer.concat "</td>\n"
@output_buffer.concat "    <td>"; @output_buffer.concat((h player.SB ).to_s); @output_buffer.concat "</td>\n"
@output_buffer.concat "    <td>"; @output_buffer.concat((h player.OPS ).to_s); @output_buffer.concat "</td>\n"
@output_buffer.concat "    <!--<td>"; @output_buffer.concat(( link_to 'Show', player ).to_s); @output_buffer.concat "</td>\n"
@output_buffer.concat "    \t<td>"; @output_buffer.concat(( link_to 'Edit', edit_player_path(player) ).to_s); @output_buffer.concat "</td>\n"
@output_buffer.concat "    \t<td>"; @output_buffer.concat(( link_to 'Destroy', player, :confirm => 'Are you sure?', :method => :delete ).to_s); @output_buffer.concat "</td>\n"
@output_buffer.concat "    -->\n"
@output_buffer.concat "  </tr>\n"
 end ; @output_buffer.concat "\n"
@output_buffer.concat "</table>\n"
@output_buffer.concat "\n"
@output_buffer.concat "<br />\n"
@output_buffer.concat "\n"
@output_buffer.concat "<!--"; @output_buffer.concat(( link_to 'New player', new_player_path ).to_s); @output_buffer.concat "-->\n"
@output_buffer
          ensure
            self.output_buffer = old_output_buffer
          end
Backtrace: /home/Public/baseball/app/views/players/index.html.erb:40:in `compile!'
/usr/lib/ruby/gems/1.8/gems/actionpack-2.3.8/lib/action_view/renderable.rb:61:in `compile'
/usr/lib/ruby/gems/1.8/gems/actionpack-2.3.8/lib/action_view/renderable.rb:28:in `render'
/usr/lib/ruby/gems/1.8/gems/actionpack-2.3.8/lib/action_view/template.rb:205:in `render_template'
/usr/lib/ruby/gems/1.8/gems/actionpack-2.3.8/lib/action_view/base.rb:265:in `render'
/usr/lib/ruby/gems/1.8/gems/actionpack-2.3.8/lib/action_view/base.rb:348:in `_render_with_layout'
/usr/lib/ruby/gems/1.8/gems/actionpack-2.3.8/lib/action_view/base.rb:262:in `render'
/usr/lib/ruby/gems/1.8/gems/actionpack-2.3.8/lib/action_controller/base.rb:1250:in `render_for_file'
/usr/lib/ruby/gems/1.8/gems/actionpack-2.3.8/lib/action_controller/base.rb:942:in `render_without_benchmark'
/usr/lib/ruby/gems/1.8/gems/actionpack-2.3.8/lib/action_controller/benchmarking.rb:51:in `render'
/usr/lib/ruby/gems/1.8/gems/activesupport-2.3.8/lib/active_support/core_ext/benchmark.rb:17:in `ms'
/usr/lib/ruby/gems/1.8/gems/activesupport-2.3.8/lib/active_support/core_ext/benchmark.rb:10:in `realtime'
/usr/lib/ruby/gems/1.8/gems/activesupport-2.3.8/lib/active_support/core_ext/benchmark.rb:17:in `ms'
/usr/lib/ruby/gems/1.8/gems/actionpack-2.3.8/lib/action_controller/benchmarking.rb:51:in `render'
/usr/lib/ruby/gems/1.8/gems/actionpack-2.3.8/lib/action_controller/mime_responds.rb:135:in `send'
/usr/lib/ruby/gems/1.8/gems/actionpack-2.3.8/lib/action_controller/mime_responds.rb:135:in `custom'
/usr/lib/ruby/gems/1.8/gems/actionpack-2.3.8/lib/action_controller/mime_responds.rb:179:in `call'
/usr/lib/ruby/gems/1.8/gems/actionpack-2.3.8/lib/action_controller/mime_responds.rb:179:in `respond'
/usr/lib/ruby/gems/1.8/gems/actionpack-2.3.8/lib/action_controller/mime_responds.rb:173:in `each'
/usr/lib/ruby/gems/1.8/gems/actionpack-2.3.8/lib/action_controller/mime_responds.rb:173:in `respond'
/usr/lib/ruby/gems/1.8/gems/actionpack-2.3.8/lib/action_controller/mime_responds.rb:107:in `respond_to'
/home/Public/baseball/app/controllers/players_controller.rb:7:in `index'
/usr/lib/ruby/gems/1.8/gems/actionpack-2.3.8/lib/action_controller/base.rb:1331:in `send'
/usr/lib/ruby/gems/1.8/gems/actionpack-2.3.8/lib/action_controller/base.rb:1331:in `perform_action_without_filters'
/usr/lib/ruby/gems/1.8/gems/actionpack-2.3.8/lib/action_controller/filters.rb:617:in `call_filters'
/usr/lib/ruby/gems/1.8/gems/actionpack-2.3.8/lib/action_controller/filters.rb:610:in `perform_action_without_benchmark'
/usr/lib/ruby/gems/1.8/gems/actionpack-2.3.8/lib/action_controller/benchmarking.rb:68:in `perform_action_without_rescue'
/usr/lib/ruby/gems/1.8/gems/activesupport-2.3.8/lib/active_support/core_ext/benchmark.rb:17:in `ms'
/usr/lib/ruby/gems/1.8/gems/activesupport-2.3.8/lib/active_support/core_ext/benchmark.rb:10:in `realtime'
/usr/lib/ruby/gems/1.8/gems/activesupport-2.3.8/lib/active_support/core_ext/benchmark.rb:17:in `ms'
/usr/lib/ruby/gems/1.8/gems/actionpack-2.3.8/lib/action_controller/benchmarking.rb:68:in `perform_action_without_rescue'
/usr/lib/ruby/gems/1.8/gems/actionpack-2.3.8/lib/action_controller/rescue.rb:160:in `perform_action_without_flash'
/usr/lib/ruby/gems/1.8/gems/actionpack-2.3.8/lib/action_controller/flash.rb:151:in `perform_action'
/usr/lib/ruby/gems/1.8/gems/actionpack-2.3.8/lib/action_controller/base.rb:532:in `send'
/usr/lib/ruby/gems/1.8/gems/actionpack-2.3.8/lib/action_controller/base.rb:532:in `process_without_filters'
/usr/lib/ruby/gems/1.8/gems/actionpack-2.3.8/lib/action_controller/filters.rb:606:in `process'
/usr/lib/ruby/gems/1.8/gems/actionpack-2.3.8/lib/action_controller/base.rb:391:in `process'
/usr/lib/ruby/gems/1.8/gems/actionpack-2.3.8/lib/action_controller/base.rb:386:in `call'
/usr/lib/ruby/gems/1.8/gems/actionpack-2.3.8/lib/action_controller/routing/route_set.rb:438:in `call'
/usr/lib/ruby/gems/1.8/gems/actionpack-2.3.8/lib/action_controller/dispatcher.rb:87:in `dispatch'
/usr/lib/ruby/gems/1.8/gems/actionpack-2.3.8/lib/action_controller/dispatcher.rb:121:in `_call'
/usr/lib/ruby/gems/1.8/gems/actionpack-2.3.8/lib/action_controller/dispatcher.rb:130:in `build_middleware_stack'
/usr/lib/ruby/gems/1.8/gems/activerecord-2.3.8/lib/active_record/query_cache.rb:29:in `call'
/usr/lib/ruby/gems/1.8/gems/activerecord-2.3.8/lib/active_record/query_cache.rb:29:in `call'
/usr/lib/ruby/gems/1.8/gems/activerecord-2.3.8/lib/active_record/connection_adapters/abstract/query_cache.rb:34:in `cache'
/usr/lib/ruby/gems/1.8/gems/activerecord-2.3.8/lib/active_record/query_cache.rb:9:in `cache'
/usr/lib/ruby/gems/1.8/gems/activerecord-2.3.8/lib/active_record/query_cache.rb:28:in `call'
/usr/lib/ruby/gems/1.8/gems/activerecord-2.3.8/lib/active_record/connection_adapters/abstract/connection_pool.rb:361:in `call'
/usr/lib/ruby/gems/1.8/gems/actionpack-2.3.8/lib/action_controller/string_coercion.rb:25:in `call'
/usr/lib/ruby/gems/1.8/gems/rack-1.1.0/lib/rack/head.rb:9:in `call'
/usr/lib/ruby/gems/1.8/gems/rack-1.1.0/lib/rack/methodoverride.rb:24:in `call'
/usr/lib/ruby/gems/1.8/gems/actionpack-2.3.8/lib/action_controller/params_parser.rb:15:in `call'
/usr/lib/ruby/gems/1.8/gems/actionpack-2.3.8/lib/action_controller/session/cookie_store.rb:99:in `call'
/usr/lib/ruby/gems/1.8/gems/actionpack-2.3.8/lib/action_controller/failsafe.rb:26:in `call'
/usr/lib/ruby/gems/1.8/gems/rack-1.1.0/lib/rack/lock.rb:11:in `call'
/usr/lib/ruby/gems/1.8/gems/rack-1.1.0/lib/rack/lock.rb:11:in `synchronize'
/usr/lib/ruby/gems/1.8/gems/rack-1.1.0/lib/rack/lock.rb:11:in `call'
/usr/lib/ruby/gems/1.8/gems/actionpack-2.3.8/lib/action_controller/dispatcher.rb:114:in `call'
/usr/lib/ruby/gems/1.8/gems/actionpack-2.3.8/lib/action_controller/reloader.rb:34:in `run'
/usr/lib/ruby/gems/1.8/gems/actionpack-2.3.8/lib/action_controller/dispatcher.rb:108:in `call'
/usr/lib/ruby/gems/1.8/gems/rails-2.3.8/lib/rails/rack/static.rb:31:in `call'
/usr/lib/ruby/gems/1.8/gems/rack-1.1.0/lib/rack/urlmap.rb:47:in `call'
/usr/lib/ruby/gems/1.8/gems/rack-1.1.0/lib/rack/urlmap.rb:41:in `each'
/usr/lib/ruby/gems/1.8/gems/rack-1.1.0/lib/rack/urlmap.rb:41:in `call'
/usr/lib/ruby/gems/1.8/gems/rails-2.3.8/lib/rails/rack/log_tailer.rb:17:in `call'
/usr/lib/ruby/gems/1.8/gems/rack-1.1.0/lib/rack/content_length.rb:13:in `call'
/usr/lib/ruby/gems/1.8/gems/rack-1.1.0/lib/rack/handler/webrick.rb:48:in `service'
/usr/lib/ruby/1.8/webrick/httpserver.rb:104:in `service'
/usr/lib/ruby/1.8/webrick/httpserver.rb:65:in `run'
/usr/lib/ruby/1.8/webrick/server.rb:173:in `start_thread'
/usr/lib/ruby/1.8/webrick/server.rb:162:in `start'
/usr/lib/ruby/1.8/webrick/server.rb:162:in `start_thread'
/usr/lib/ruby/1.8/webrick/server.rb:95:in `start'
/usr/lib/ruby/1.8/webrick/server.rb:92:in `each'
/usr/lib/ruby/1.8/webrick/server.rb:92:in `start'
/usr/lib/ruby/1.8/webrick/server.rb:23:in `start'
/usr/lib/ruby/1.8/webrick/server.rb:82:in `start'
/usr/lib/ruby/gems/1.8/gems/rack-1.1.0/lib/rack/handler/webrick.rb:14:in `run'
/usr/lib/ruby/gems/1.8/gems/rails-2.3.8/lib/commands/server.rb:111
/usr/lib/ruby/site_ruby/1.8/rubygems/custom_require.rb:31:in `gem_original_require'
/usr/lib/ruby/site_ruby/1.8/rubygems/custom_require.rb:31:in `require'
script/server:3

ActionView::TemplateError (compile error
/home/Public/baseball/app/views/players/index.html.erb:17: syntax error, unexpected ')'
...@output_buffer.concat((h 1++ ).to_s); @output_buffer.concat ...
                              ^) on line #17 of app/views/players/index.html.erb:
14: 
15: <% @players.each do |player| %>
16:   <tr>
17:     <td><%=h 1++ %></td>
18:     <td><%=h player.name %></td>
19:     <td><%=h player.team %></td>
20:     <td><%=h player.AVG %></td>

    app/views/players/index.html.erb:40:in `compile!'
    app/controllers/players_controller.rb:7:in `index'
    /usr/lib/ruby/1.8/webrick/httpserver.rb:104:in `service'
    /usr/lib/ruby/1.8/webrick/httpserver.rb:65:in `run'
    /usr/lib/ruby/1.8/webrick/server.rb:173:in `start_thread'
    /usr/lib/ruby/1.8/webrick/server.rb:162:in `start'
    /usr/lib/ruby/1.8/webrick/server.rb:162:in `start_thread'
    /usr/lib/ruby/1.8/webrick/server.rb:95:in `start'
    /usr/lib/ruby/1.8/webrick/server.rb:92:in `each'
    /usr/lib/ruby/1.8/webrick/server.rb:92:in `start'
    /usr/lib/ruby/1.8/webrick/server.rb:23:in `start'
    /usr/lib/ruby/1.8/webrick/server.rb:82:in `start'

Rendered rescues/_trace (57.4ms)
Rendered rescues/_request_and_response (0.4ms)
Rendering rescues/layout (internal_server_error)


Processing PlayersController#index (for 127.0.0.1 at 2010-06-21 14:43:47) [GET]
  Parameters: {"method"=>"get_ops"}
  [4;35;1mPlayer Load (11.3ms)[0m   [0mSELECT * FROM "players" [0m
Rendering template within layouts/players
Rendering players/index
ERROR: compiling _run_erb_app47views47players47index46html46erb RAISED compile error
/home/Public/baseball/app/views/players/index.html.erb:17: syntax error, unexpected ')'
...output_buffer.concat(( num++ ).to_s); @output_buffer.concat ...
                              ^
Function body:           def _run_erb_app47views47players47index46html46erb(local_assigns)
            old_output_buffer = output_buffer;;@output_buffer = '';  __in_erb_template=true ; @output_buffer.concat "<h1>Listing players</h1>\n"
@output_buffer.concat "\n"
@output_buffer.concat "<table>\n"
@output_buffer.concat "  <tr>\n"
@output_buffer.concat "    <th>"; @output_buffer.concat(( link_to 'Name', :method => :sort_name ).to_s); @output_buffer.concat "</th>\n"
@output_buffer.concat "    <th>"; @output_buffer.concat(( link_to 'Team', :method => :sort_team ).to_s); @output_buffer.concat "</th>\n"
@output_buffer.concat "    <th>"; @output_buffer.concat(( link_to 'AVG', :method => :sort_avg ).to_s); @output_buffer.concat "</th>\n"
@output_buffer.concat "    <th>"; @output_buffer.concat(( link_to 'HR', :method => :sort_hr ).to_s); @output_buffer.concat "</th>\n"
@output_buffer.concat "    <th>"; @output_buffer.concat(( link_to 'RBI', :method => :sort_rbi ).to_s); @output_buffer.concat "</th>\n"
@output_buffer.concat "    <th>"; @output_buffer.concat(( link_to 'Runs', :method => :sort_runs ).to_s); @output_buffer.concat "</th>\n"
@output_buffer.concat "    <th>"; @output_buffer.concat(( link_to 'SB', :method => :sort_sb ).to_s); @output_buffer.concat "</th>\n"
@output_buffer.concat "    <th>"; @output_buffer.concat(( link_to 'OPS', :method => :sort_ops ).to_s); @output_buffer.concat "</th>\n"
@output_buffer.concat "  </tr>\n"
 num = 1 ; @output_buffer.concat "\n"
 @players.each do |player| ; @output_buffer.concat "\n"
@output_buffer.concat "  <tr>\n"
@output_buffer.concat "    <td>"; @output_buffer.concat(( num++ ).to_s); @output_buffer.concat "</td>\n"
@output_buffer.concat "    <td>"; @output_buffer.concat((h player.name ).to_s); @output_buffer.concat "</td>\n"
@output_buffer.concat "    <td>"; @output_buffer.concat((h player.team ).to_s); @output_buffer.concat "</td>\n"
@output_buffer.concat "    <td>"; @output_buffer.concat((h player.AVG ).to_s); @output_buffer.concat "</td>\n"
@output_buffer.concat "    <td>"; @output_buffer.concat((h player.HR ).to_s); @output_buffer.concat "</td>\n"
@output_buffer.concat "    <td>"; @output_buffer.concat((h player.RBI ).to_s); @output_buffer.concat "</td>\n"
@output_buffer.concat "    <td>"; @output_buffer.concat((h player.RUNS ).to_s); @output_buffer.concat "</td>\n"
@output_buffer.concat "    <td>"; @output_buffer.concat((h player.SB ).to_s); @output_buffer.concat "</td>\n"
@output_buffer.concat "    <td>"; @output_buffer.concat((h player.OPS ).to_s); @output_buffer.concat "</td>\n"
@output_buffer.concat "    <!--<td>"; @output_buffer.concat(( link_to 'Show', player ).to_s); @output_buffer.concat "</td>\n"
@output_buffer.concat "    \t<td>"; @output_buffer.concat(( link_to 'Edit', edit_player_path(player) ).to_s); @output_buffer.concat "</td>\n"
@output_buffer.concat "    \t<td>"; @output_buffer.concat(( link_to 'Destroy', player, :confirm => 'Are you sure?', :method => :delete ).to_s); @output_buffer.concat "</td>\n"
@output_buffer.concat "    -->\n"
@output_buffer.concat "  </tr>\n"
 end ; @output_buffer.concat "\n"
@output_buffer.concat "</table>\n"
@output_buffer.concat "\n"
@output_buffer.concat "<br />\n"
@output_buffer.concat "\n"
@output_buffer.concat "<!--"; @output_buffer.concat(( link_to 'New player', new_player_path ).to_s); @output_buffer.concat "-->\n"
@output_buffer
          ensure
            self.output_buffer = old_output_buffer
          end
Backtrace: /home/Public/baseball/app/views/players/index.html.erb:40:in `compile!'
/usr/lib/ruby/gems/1.8/gems/actionpack-2.3.8/lib/action_view/renderable.rb:61:in `compile'
/usr/lib/ruby/gems/1.8/gems/actionpack-2.3.8/lib/action_view/renderable.rb:28:in `render'
/usr/lib/ruby/gems/1.8/gems/actionpack-2.3.8/lib/action_view/template.rb:205:in `render_template'
/usr/lib/ruby/gems/1.8/gems/actionpack-2.3.8/lib/action_view/base.rb:265:in `render'
/usr/lib/ruby/gems/1.8/gems/actionpack-2.3.8/lib/action_view/base.rb:348:in `_render_with_layout'
/usr/lib/ruby/gems/1.8/gems/actionpack-2.3.8/lib/action_view/base.rb:262:in `render'
/usr/lib/ruby/gems/1.8/gems/actionpack-2.3.8/lib/action_controller/base.rb:1250:in `render_for_file'
/usr/lib/ruby/gems/1.8/gems/actionpack-2.3.8/lib/action_controller/base.rb:942:in `render_without_benchmark'
/usr/lib/ruby/gems/1.8/gems/actionpack-2.3.8/lib/action_controller/benchmarking.rb:51:in `render'
/usr/lib/ruby/gems/1.8/gems/activesupport-2.3.8/lib/active_support/core_ext/benchmark.rb:17:in `ms'
/usr/lib/ruby/gems/1.8/gems/activesupport-2.3.8/lib/active_support/core_ext/benchmark.rb:10:in `realtime'
/usr/lib/ruby/gems/1.8/gems/activesupport-2.3.8/lib/active_support/core_ext/benchmark.rb:17:in `ms'
/usr/lib/ruby/gems/1.8/gems/actionpack-2.3.8/lib/action_controller/benchmarking.rb:51:in `render'
/usr/lib/ruby/gems/1.8/gems/actionpack-2.3.8/lib/action_controller/mime_responds.rb:135:in `send'
/usr/lib/ruby/gems/1.8/gems/actionpack-2.3.8/lib/action_controller/mime_responds.rb:135:in `custom'
/usr/lib/ruby/gems/1.8/gems/actionpack-2.3.8/lib/action_controller/mime_responds.rb:179:in `call'
/usr/lib/ruby/gems/1.8/gems/actionpack-2.3.8/lib/action_controller/mime_responds.rb:179:in `respond'
/usr/lib/ruby/gems/1.8/gems/actionpack-2.3.8/lib/action_controller/mime_responds.rb:173:in `each'
/usr/lib/ruby/gems/1.8/gems/actionpack-2.3.8/lib/action_controller/mime_responds.rb:173:in `respond'
/usr/lib/ruby/gems/1.8/gems/actionpack-2.3.8/lib/action_controller/mime_responds.rb:107:in `respond_to'
/home/Public/baseball/app/controllers/players_controller.rb:7:in `index'
/usr/lib/ruby/gems/1.8/gems/actionpack-2.3.8/lib/action_controller/base.rb:1331:in `send'
/usr/lib/ruby/gems/1.8/gems/actionpack-2.3.8/lib/action_controller/base.rb:1331:in `perform_action_without_filters'
/usr/lib/ruby/gems/1.8/gems/actionpack-2.3.8/lib/action_controller/filters.rb:617:in `call_filters'
/usr/lib/ruby/gems/1.8/gems/actionpack-2.3.8/lib/action_controller/filters.rb:610:in `perform_action_without_benchmark'
/usr/lib/ruby/gems/1.8/gems/actionpack-2.3.8/lib/action_controller/benchmarking.rb:68:in `perform_action_without_rescue'
/usr/lib/ruby/gems/1.8/gems/activesupport-2.3.8/lib/active_support/core_ext/benchmark.rb:17:in `ms'
/usr/lib/ruby/gems/1.8/gems/activesupport-2.3.8/lib/active_support/core_ext/benchmark.rb:10:in `realtime'
/usr/lib/ruby/gems/1.8/gems/activesupport-2.3.8/lib/active_support/core_ext/benchmark.rb:17:in `ms'
/usr/lib/ruby/gems/1.8/gems/actionpack-2.3.8/lib/action_controller/benchmarking.rb:68:in `perform_action_without_rescue'
/usr/lib/ruby/gems/1.8/gems/actionpack-2.3.8/lib/action_controller/rescue.rb:160:in `perform_action_without_flash'
/usr/lib/ruby/gems/1.8/gems/actionpack-2.3.8/lib/action_controller/flash.rb:151:in `perform_action'
/usr/lib/ruby/gems/1.8/gems/actionpack-2.3.8/lib/action_controller/base.rb:532:in `send'
/usr/lib/ruby/gems/1.8/gems/actionpack-2.3.8/lib/action_controller/base.rb:532:in `process_without_filters'
/usr/lib/ruby/gems/1.8/gems/actionpack-2.3.8/lib/action_controller/filters.rb:606:in `process'
/usr/lib/ruby/gems/1.8/gems/actionpack-2.3.8/lib/action_controller/base.rb:391:in `process'
/usr/lib/ruby/gems/1.8/gems/actionpack-2.3.8/lib/action_controller/base.rb:386:in `call'
/usr/lib/ruby/gems/1.8/gems/actionpack-2.3.8/lib/action_controller/routing/route_set.rb:438:in `call'
/usr/lib/ruby/gems/1.8/gems/actionpack-2.3.8/lib/action_controller/dispatcher.rb:87:in `dispatch'
/usr/lib/ruby/gems/1.8/gems/actionpack-2.3.8/lib/action_controller/dispatcher.rb:121:in `_call'
/usr/lib/ruby/gems/1.8/gems/actionpack-2.3.8/lib/action_controller/dispatcher.rb:130:in `build_middleware_stack'
/usr/lib/ruby/gems/1.8/gems/activerecord-2.3.8/lib/active_record/query_cache.rb:29:in `call'
/usr/lib/ruby/gems/1.8/gems/activerecord-2.3.8/lib/active_record/query_cache.rb:29:in `call'
/usr/lib/ruby/gems/1.8/gems/activerecord-2.3.8/lib/active_record/connection_adapters/abstract/query_cache.rb:34:in `cache'
/usr/lib/ruby/gems/1.8/gems/activerecord-2.3.8/lib/active_record/query_cache.rb:9:in `cache'
/usr/lib/ruby/gems/1.8/gems/activerecord-2.3.8/lib/active_record/query_cache.rb:28:in `call'
/usr/lib/ruby/gems/1.8/gems/activerecord-2.3.8/lib/active_record/connection_adapters/abstract/connection_pool.rb:361:in `call'
/usr/lib/ruby/gems/1.8/gems/actionpack-2.3.8/lib/action_controller/string_coercion.rb:25:in `call'
/usr/lib/ruby/gems/1.8/gems/rack-1.1.0/lib/rack/head.rb:9:in `call'
/usr/lib/ruby/gems/1.8/gems/rack-1.1.0/lib/rack/methodoverride.rb:24:in `call'
/usr/lib/ruby/gems/1.8/gems/actionpack-2.3.8/lib/action_controller/params_parser.rb:15:in `call'
/usr/lib/ruby/gems/1.8/gems/actionpack-2.3.8/lib/action_controller/session/cookie_store.rb:99:in `call'
/usr/lib/ruby/gems/1.8/gems/actionpack-2.3.8/lib/action_controller/failsafe.rb:26:in `call'
/usr/lib/ruby/gems/1.8/gems/rack-1.1.0/lib/rack/lock.rb:11:in `call'
/usr/lib/ruby/gems/1.8/gems/rack-1.1.0/lib/rack/lock.rb:11:in `synchronize'
/usr/lib/ruby/gems/1.8/gems/rack-1.1.0/lib/rack/lock.rb:11:in `call'
/usr/lib/ruby/gems/1.8/gems/actionpack-2.3.8/lib/action_controller/dispatcher.rb:114:in `call'
/usr/lib/ruby/gems/1.8/gems/actionpack-2.3.8/lib/action_controller/reloader.rb:34:in `run'
/usr/lib/ruby/gems/1.8/gems/actionpack-2.3.8/lib/action_controller/dispatcher.rb:108:in `call'
/usr/lib/ruby/gems/1.8/gems/rails-2.3.8/lib/rails/rack/static.rb:31:in `call'
/usr/lib/ruby/gems/1.8/gems/rack-1.1.0/lib/rack/urlmap.rb:47:in `call'
/usr/lib/ruby/gems/1.8/gems/rack-1.1.0/lib/rack/urlmap.rb:41:in `each'
/usr/lib/ruby/gems/1.8/gems/rack-1.1.0/lib/rack/urlmap.rb:41:in `call'
/usr/lib/ruby/gems/1.8/gems/rails-2.3.8/lib/rails/rack/log_tailer.rb:17:in `call'
/usr/lib/ruby/gems/1.8/gems/rack-1.1.0/lib/rack/content_length.rb:13:in `call'
/usr/lib/ruby/gems/1.8/gems/rack-1.1.0/lib/rack/handler/webrick.rb:48:in `service'
/usr/lib/ruby/1.8/webrick/httpserver.rb:104:in `service'
/usr/lib/ruby/1.8/webrick/httpserver.rb:65:in `run'
/usr/lib/ruby/1.8/webrick/server.rb:173:in `start_thread'
/usr/lib/ruby/1.8/webrick/server.rb:162:in `start'
/usr/lib/ruby/1.8/webrick/server.rb:162:in `start_thread'
/usr/lib/ruby/1.8/webrick/server.rb:95:in `start'
/usr/lib/ruby/1.8/webrick/server.rb:92:in `each'
/usr/lib/ruby/1.8/webrick/server.rb:92:in `start'
/usr/lib/ruby/1.8/webrick/server.rb:23:in `start'
/usr/lib/ruby/1.8/webrick/server.rb:82:in `start'
/usr/lib/ruby/gems/1.8/gems/rack-1.1.0/lib/rack/handler/webrick.rb:14:in `run'
/usr/lib/ruby/gems/1.8/gems/rails-2.3.8/lib/commands/server.rb:111
/usr/lib/ruby/site_ruby/1.8/rubygems/custom_require.rb:31:in `gem_original_require'
/usr/lib/ruby/site_ruby/1.8/rubygems/custom_require.rb:31:in `require'
script/server:3

ActionView::TemplateError (compile error
/home/Public/baseball/app/views/players/index.html.erb:17: syntax error, unexpected ')'
...output_buffer.concat(( num++ ).to_s); @output_buffer.concat ...
                              ^) on line #17 of app/views/players/index.html.erb:
14: <% num = 1 %>
15: <% @players.each do |player| %>
16:   <tr>
17:     <td><%= num++ %></td>
18:     <td><%=h player.name %></td>
19:     <td><%=h player.team %></td>
20:     <td><%=h player.AVG %></td>

    app/views/players/index.html.erb:40:in `compile!'
    app/controllers/players_controller.rb:7:in `index'
    /usr/lib/ruby/1.8/webrick/httpserver.rb:104:in `service'
    /usr/lib/ruby/1.8/webrick/httpserver.rb:65:in `run'
    /usr/lib/ruby/1.8/webrick/server.rb:173:in `start_thread'
    /usr/lib/ruby/1.8/webrick/server.rb:162:in `start'
    /usr/lib/ruby/1.8/webrick/server.rb:162:in `start_thread'
    /usr/lib/ruby/1.8/webrick/server.rb:95:in `start'
    /usr/lib/ruby/1.8/webrick/server.rb:92:in `each'
    /usr/lib/ruby/1.8/webrick/server.rb:92:in `start'
    /usr/lib/ruby/1.8/webrick/server.rb:23:in `start'
    /usr/lib/ruby/1.8/webrick/server.rb:82:in `start'

Rendered rescues/_trace (157.5ms)
Rendered rescues/_request_and_response (0.4ms)
Rendering rescues/layout (internal_server_error)


Processing PlayersController#index (for 127.0.0.1 at 2010-06-21 14:44:14) [GET]
  Parameters: {"method"=>"get_ops"}
  [4;36;1mPlayer Load (11.1ms)[0m   [0;1mSELECT * FROM "players" [0m
Rendering template within layouts/players
Rendering players/index
Completed in 176ms (View: 144, DB: 11) | 200 OK [http://localhost/players?method=get_ops]


Processing PlayersController#index (for 127.0.0.1 at 2010-06-21 14:44:32) [GET]
  Parameters: {"method"=>"get_ops"}
  [4;35;1mPlayer Load (11.0ms)[0m   [0mSELECT * FROM "players" [0m
Rendering template within layouts/players
Rendering players/index
Completed in 162ms (View: 131, DB: 11) | 200 OK [http://localhost/players?method=get_ops]


Processing PlayersController#index (for 127.0.0.1 at 2010-06-21 14:45:24) [GET]
  Parameters: {"method"=>"get_ops"}
  [4;36;1mPlayer Load (11.2ms)[0m   [0;1mSELECT * FROM "players" [0m
Rendering template within layouts/players
Rendering players/index
Completed in 240ms (View: 209, DB: 11) | 200 OK [http://localhost/players?method=get_ops]


Processing PlayersController#index (for 127.0.0.1 at 2010-06-21 14:45:47) [GET]
  Parameters: {"method"=>"get_ops"}
  [4;35;1mPlayer Load (11.3ms)[0m   [0mSELECT * FROM "players" [0m
Rendering template within layouts/players
Rendering players/index
Completed in 184ms (View: 152, DB: 11) | 200 OK [http://localhost/players?method=get_ops]
